Flutter crash report.
Please report a bug at https://github.com/flutter/flutter/issues.

## command

flutter run --machine --start-paused -d 10.67.0.170:5555 --devtools-server-address http://127.0.0.1:9101/ --target C:\Users\AnugraH\Documents\Project\monfori-photo\lib\main.dart

## exception

StateError: Bad state: WebSocketChannelException: HttpException: Connection closed before full header was received, uri = http://127.0.0.1:60644/wZRvdnUh7xE=/ws

```
#0      DartDevelopmentService.startDartDevelopmentService (package:flutter_tools/src/base/dds.dart:290:9)
<asynchronous suspension>
#1      FlutterDevice.connect.<anonymous closure> (package:flutter_tools/src/resident_runner.dart:294:11)
<asynchronous suspension>
```

## flutter doctor

```
[!] Flutter (Channel master, 3.24.0-1.0.pre.605, on Microsoft Windows [Version 10.0.22631.3880], locale en-ID)
    • Flutter version 3.24.0-1.0.pre.605 on channel master at C:\flutter\src\flutter
    ! The flutter binary is not on your path. Consider adding C:\flutter\src\flutter\bin to your path.
    ! The dart binary is not on your path. Consider adding C:\flutter\src\flutter\bin to your path.
    • Upstream repository https://github.com/flutter/flutter.git
    • Framework revision bced008679 (3 weeks ago), 2024-08-15 22:29:24 -0400
    • Engine revision a8fefc8118
    • Dart version 3.6.0 (build 3.6.0-146.0.dev)
    • DevTools version 2.38.0
    • If those were intentional, you can disregard the above warnings; however it is recommended to use "git" directly to perform update checks and upgrades.

[✓] Windows Version (Installed version of Windows is version 10 or higher)

[✓] Android toolchain - develop for Android devices (Android SDK version 35.0.0)
    • Android SDK at C:\Users\AnugraH\AppData\Local\Android\sdk
    • Platform android-35, build-tools 35.0.0
    • Java binary at: C:\Program Files\Android\Android Studio\jbr\bin\java
    • Java version OpenJDK Runtime Environment (build 17.0.11+0--11852314)
    • All Android licenses accepted.

[✗] Chrome - develop for the web (Cannot find Chrome executable at .\Google\Chrome\Application\chrome.exe)
    ! Cannot find Chrome. Try setting CHROME_EXECUTABLE to a Chrome executable.

[✗] Visual Studio - develop Windows apps
    ✗ Visual Studio not installed; this is necessary to develop Windows apps.
      Download at https://visualstudio.microsoft.com/downloads/.
      Please install the "Desktop development with C++" workload, including all of its default components

[✓] Android Studio (version 2024.1)
    • Android Studio at C:\Program Files\Android\Android Studio
    • Flutter plugin can be installed from:
      🔨 https://plugins.jetbrains.com/plugin/9212-flutter
    • Dart plugin can be installed from:
      🔨 https://plugins.jetbrains.com/plugin/6351-dart
    • Java version OpenJDK Runtime Environment (build 17.0.11+0--11852314)

[✓] VS Code (version 1.92.2)
    • VS Code at C:\Users\AnugraH\AppData\Local\Programs\Microsoft VS Code
    • Flutter extension version 3.94.0

[✓] Connected device (4 available)
    • 22101316G (mobile) • skq84pnblnjfss5p • android-arm64  • Android 14 (API 34)
    • 22101316G (mobile) • 10.67.0.170:5555 • android-arm64  • Android 14 (API 34)
    • Windows (desktop)  • windows          • windows-x64    • Microsoft Windows [Version 10.0.22631.3880]
    • Edge (web)         • edge             • web-javascript • Microsoft Edge 127.0.2651.86

[✓] Network resources
    • All expected network resources are available.

! Doctor found issues in 3 categories.
```
